Arguments: 
  C:\Program Files\nodejs\node.exe C:\Users\Avneez\AppData\Roaming\npm\node_modules\yarn\bin\yarn.js add timeago.js

PATH: 
  C:\Program Files (x86)\Common Files\Oracle\Java\javapath;C:\Program Files (x86)\Common Files\Intel\Shared Libraries\redist\intel64\compiler;C:\Windows\system32;C:\Windows;C:\Windows\System32\Wbem;C:\Windows\System32\WindowsPowerShell\v1.0\;C:\Windows\System32\OpenSSH\;C:\Program Files (x86)\NVIDIA Corporation\PhysX\Common;C:\Program Files\NVIDIA Corporation\NVIDIA NvDLISR;C:\windows\system32;C:\windows;C:\windows\System32\Wbem;C:\windows\System32\WindowsPowerShell\v1.0\;C:\windows\System32\OpenSSH\;C:\Android;C:\Users\Avneez\AppData\Local\Programs\Python\Python39;C:\Users\Avneez\AppData\Local\Programs\Python\Python39\Scripts;C:\Program Files\Git\cmd;C:\Program Files\dotnet\;C:\Program Files\nodejs\;C:\Program Files\MySQL\MySQL Server 8.0\bin;C:\Program Files\MySQL\MySQL Shell 8.0\bin\;C:\Users\Avneez\AppData\Local\Microsoft\WindowsApps;C:\Users\Avneez\AppData\Local\Programs\Microsoft VS Code\bin;C:\Users\Avneez\AppData\Local\Programs\Python\Python39\Scripts;C:\Users\Avneez\AppData\Local\Programs\Python\Python39;C:\MinGW\bin;C:\Program Files\Git\bin;C:\Program Files\Git\cmd;C:\Users\Avneez\Java\bin;C:\Users\Avneez\Java\apache-maven-3.8.4\bin;C:\Users\Avneez\AppData\Roaming\npm;C:\Program Files\Java\jdk1.8.0_321\bin;C:\Program Files\MySQL\MySQL Server 8.0\bin;C:\Users\Avneez\AppData\Local\GitHubDesktop\bin

Yarn version: 
  1.22.17

Node version: 
  16.14.0

Platform: 
  win32 x64

Trace: 
  Error: getaddrinfo ENOTFOUND registry.yarnpkg.com
      at GetAddrInfoReqWrap.onlookup [as oncomplete] (node:dns:71:26)

npm manifest: 
  {
    "dependencies": {
      "react-icons": "^4.3.1"
    }
  }

yarn manifest: 
  No manifest

Lockfile: 
  # THIS IS AN AUTOGENERATED FILE. DO NOT EDIT THIS FILE DIRECTLY.
  # yarn lockfile v1
  
  
  react-icons@^4.3.1:
    version "4.3.1"
    resolved "https://registry.yarnpkg.com/react-icons/-/react-icons-4.3.1.tgz#2fa92aebbbc71f43d2db2ed1aed07361124e91ca"
    integrity sha512-cB10MXLTs3gVuXimblAdI71jrJx8njrJZmNMEMC+sQu5B/BIOmlsAjskdqpn81y8UBVEGuHODd7/ci5DvoSzTQ==
